24-Sep-2017 15:17:59.024 INFO [http-nio-8080-exec-8] org.apache.catalina.core.ApplicationContext.log HTMLManager: init: Associated with Deployer 'Catalina:type=Deployer,host=localhost'
24-Sep-2017 15:17:59.025 INFO [http-nio-8080-exec-8] org.apache.catalina.core.ApplicationContext.log HTMLManager: init: Global resources are available
24-Sep-2017 15:17:59.037 INFO [http-nio-8080-exec-8] org.apache.catalina.core.ApplicationContext.log HTMLManager: list: Listing contexts for virtual host 'localhost'
24-Sep-2017 15:18:01.217 INFO [http-nio-8080-exec-9] org.apache.catalina.core.ApplicationContext.log HTMLManager: restart: Reloading web application '/gpsapp'
24-Sep-2017 15:18:01.407 INFO [http-nio-8080-exec-9] org.apache.catalina.core.ApplicationContext.log HTMLManager: list: Listing contexts for virtual host 'localhost'
24-Sep-2017 15:35:04.143 INFO [http-nio-8080-exec-11] org.apache.catalina.core.ApplicationContext.log HTMLManager: restart: Reloading web application '/gpsapp'
24-Sep-2017 15:35:04.315 INFO [http-nio-8080-exec-11] org.apache.catalina.core.ApplicationContext.log HTMLManager: list: Listing contexts for virtual host 'localhost'
24-Sep-2017 15:35:51.110 INFO [http-nio-8080-exec-14] org.apache.catalina.core.ApplicationContext.log HTMLManager: restart: Reloading web application '/gpsapp'
24-Sep-2017 15:35:51.290 INFO [http-nio-8080-exec-14] org.apache.catalina.core.ApplicationContext.log HTMLManager: list: Listing contexts for virtual host 'localhost'
24-Sep-2017 15:37:52.990 INFO [http-nio-8080-exec-24] org.apache.catalina.core.ApplicationContext.log HTMLManager: restart: Reloading web application '/gpsapp'
24-Sep-2017 15:37:53.138 INFO [http-nio-8080-exec-24] org.apache.catalina.core.ApplicationContext.log HTMLManager: list: Listing contexts for virtual host 'localhost'
24-Sep-2017 15:38:58.354 INFO [http-nio-8080-exec-31] org.apache.catalina.core.ApplicationContext.log HTMLManager: restart: Reloading web application '/gpsapp'
24-Sep-2017 15:38:58.479 INFO [http-nio-8080-exec-31] org.apache.catalina.core.ApplicationContext.log HTMLManager: list: Listing contexts for virtual host 'localhost'
24-Sep-2017 15:41:07.464 INFO [http-nio-8080-exec-37] org.apache.catalina.core.ApplicationContext.log HTMLManager: restart: Reloading web application '/gpsapp'
24-Sep-2017 15:41:07.608 INFO [http-nio-8080-exec-37] org.apache.catalina.core.ApplicationContext.log HTMLManager: list: Listing contexts for virtual host 'localhost'
24-Sep-2017 15:41:09.549 INFO [http-nio-8080-exec-38] org.apache.catalina.core.ApplicationContext.log HTMLManager: restart: Reloading web application '/gpsapp'
24-Sep-2017 15:41:09.706 INFO [http-nio-8080-exec-38] org.apache.catalina.core.ApplicationContext.log HTMLManager: list: Listing contexts for virtual host 'localhost'
24-Sep-2017 15:43:33.895 INFO [http-nio-8080-exec-47] org.apache.catalina.core.ApplicationContext.log HTMLManager: restart: Reloading web application '/gpsapp'
24-Sep-2017 15:43:34.034 INFO [http-nio-8080-exec-47] org.apache.catalina.core.ApplicationContext.log HTMLManager: list: Listing contexts for virtual host 'localhost'
24-Sep-2017 15:46:10.280 INFO [http-nio-8080-exec-58] org.apache.catalina.core.ApplicationContext.log HTMLManager: restart: Reloading web application '/gpsapp'
24-Sep-2017 15:46:10.414 INFO [http-nio-8080-exec-58] org.apache.catalina.core.ApplicationContext.log HTMLManager: list: Listing contexts for virtual host 'localhost'
24-Sep-2017 15:47:35.698 INFO [http-nio-8080-exec-62] org.apache.catalina.core.ApplicationContext.log HTMLManager: restart: Reloading web application '/gpsapp'
24-Sep-2017 15:47:35.830 INFO [http-nio-8080-exec-62] org.apache.catalina.core.ApplicationContext.log HTMLManager: list: Listing contexts for virtual host 'localhost'
24-Sep-2017 15:51:11.118 INFO [http-nio-8080-exec-70] org.apache.catalina.core.ApplicationContext.log HTMLManager: restart: Reloading web application '/gpsapp'
24-Sep-2017 15:51:11.234 INFO [http-nio-8080-exec-70] org.apache.catalina.core.ApplicationContext.log HTMLManager: list: Listing contexts for virtual host 'localhost'
24-Sep-2017 15:53:57.594 INFO [http-nio-8080-exec-76] org.apache.catalina.core.ApplicationContext.log HTMLManager: restart: Reloading web application '/gpsapp'
24-Sep-2017 15:53:57.725 INFO [http-nio-8080-exec-76] org.apache.catalina.core.ApplicationContext.log HTMLManager: list: Listing contexts for virtual host 'localhost'
24-Sep-2017 16:07:31.984 INFO [http-nio-8080-exec-86] org.apache.catalina.core.ApplicationContext.log HTMLManager: restart: Reloading web application '/gpsapp'
24-Sep-2017 16:07:32.110 INFO [http-nio-8080-exec-86] org.apache.catalina.core.ApplicationContext.log HTMLManager: list: Listing contexts for virtual host 'localhost'
24-Sep-2017 16:16:53.750 INFO [http-nio-8080-exec-97] org.apache.catalina.core.ApplicationContext.log HTMLManager: restart: Reloading web application '/gpsapp'
24-Sep-2017 16:16:53.888 INFO [http-nio-8080-exec-97] org.apache.catalina.core.ApplicationContext.log HTMLManager: list: Listing contexts for virtual host 'localhost'
24-Sep-2017 16:19:36.513 INFO [http-nio-8080-exec-104] org.apache.catalina.core.ApplicationContext.log HTMLManager: restart: Reloading web application '/gpsapp'
24-Sep-2017 16:19:36.629 INFO [http-nio-8080-exec-104] org.apache.catalina.core.ApplicationContext.log HTMLManager: list: Listing contexts for virtual host 'localhost'
24-Sep-2017 16:20:57.736 INFO [http-nio-8080-exec-112] org.apache.catalina.core.ApplicationContext.log HTMLManager: restart: Reloading web application '/gpsapp'
24-Sep-2017 16:20:57.846 INFO [http-nio-8080-exec-112] org.apache.catalina.core.ApplicationContext.log HTMLManager: list: Listing contexts for virtual host 'localhost'
24-Sep-2017 16:26:08.866 INFO [http-nio-8080-exec-117] org.apache.catalina.core.ApplicationContext.log HTMLManager: restart: Reloading web application '/gpsapp'
24-Sep-2017 16:26:08.978 INFO [http-nio-8080-exec-117] org.apache.catalina.core.ApplicationContext.log HTMLManager: list: Listing contexts for virtual host 'localhost'
24-Sep-2017 16:31:06.922 INFO [http-nio-8080-exec-128] org.apache.catalina.core.ApplicationContext.log HTMLManager: restart: Reloading web application '/gpsapp'
24-Sep-2017 16:31:07.053 INFO [http-nio-8080-exec-128] org.apache.catalina.core.ApplicationContext.log HTMLManager: list: Listing contexts for virtual host 'localhost'
24-Sep-2017 16:34:00.945 INFO [http-nio-8080-exec-135] org.apache.catalina.core.ApplicationContext.log HTMLManager: restart: Reloading web application '/gpsapp'
24-Sep-2017 16:34:01.089 INFO [http-nio-8080-exec-135] org.apache.catalina.core.ApplicationContext.log HTMLManager: list: Listing contexts for virtual host 'localhost'
24-Sep-2017 17:17:35.461 INFO [http-nio-8080-exec-145] org.apache.catalina.core.ApplicationContext.log HTMLManager: list: Listing contexts for virtual host 'localhost'
24-Sep-2017 17:17:38.126 INFO [http-nio-8080-exec-146] org.apache.catalina.core.ApplicationContext.log HTMLManager: restart: Reloading web application '/gpsapp'
24-Sep-2017 17:17:38.233 INFO [http-nio-8080-exec-146] org.apache.catalina.core.ApplicationContext.log HTMLManager: list: Listing contexts for virtual host 'localhost'
24-Sep-2017 17:18:02.782 INFO [http-nio-8080-exec-148] org.apache.catalina.core.ApplicationContext.log HTMLManager: restart: Reloading web application '/gpsapp'
24-Sep-2017 17:18:02.884 INFO [http-nio-8080-exec-148] org.apache.catalina.core.ApplicationContext.log HTMLManager: list: Listing contexts for virtual host 'localhost'
24-Sep-2017 17:22:27.644 INFO [http-nio-8080-exec-160] org.apache.catalina.core.ApplicationContext.log HTMLManager: restart: Reloading web application '/gpsapp'
24-Sep-2017 17:22:27.750 INFO [http-nio-8080-exec-160] org.apache.catalina.core.ApplicationContext.log HTMLManager: list: Listing contexts for virtual host 'localhost'
24-Sep-2017 17:43:27.384 INFO [http-nio-8080-exec-167] org.apache.catalina.core.ApplicationContext.log HTMLManager: restart: Reloading web application '/gpsapp'
24-Sep-2017 17:43:27.487 INFO [http-nio-8080-exec-167] org.apache.catalina.core.ApplicationContext.log HTMLManager: list: Listing contexts for virtual host 'localhost'
24-Sep-2017 17:44:21.497 INFO [http-nio-8080-exec-173] org.apache.catalina.core.ApplicationContext.log HTMLManager: restart: Reloading web application '/gpsapp'
24-Sep-2017 17:44:21.591 INFO [http-nio-8080-exec-173] org.apache.catalina.core.ApplicationContext.log HTMLManager: list: Listing contexts for virtual host 'localhost'
24-Sep-2017 17:45:01.659 INFO [http-nio-8080-exec-177] org.apache.catalina.core.ApplicationContext.log HTMLManager: restart: Reloading web application '/gpsapp'
24-Sep-2017 17:45:01.756 INFO [http-nio-8080-exec-177] org.apache.catalina.core.ApplicationContext.log HTMLManager: list: Listing contexts for virtual host 'localhost'
24-Sep-2017 21:07:46.468 INFO [http-nio-8080-exec-183] org.apache.catalina.core.ApplicationContext.log HTMLManager: list: Listing contexts for virtual host 'localhost'
24-Sep-2017 21:07:49.719 INFO [http-nio-8080-exec-184] org.apache.catalina.core.ApplicationContext.log HTMLManager: restart: Reloading web application '/gpsapp'
24-Sep-2017 21:07:49.809 INFO [http-nio-8080-exec-184] org.apache.catalina.core.ApplicationContext.log HTMLManager: list: Listing contexts for virtual host 'localhost'
24-Sep-2017 21:11:08.285 INFO [http-nio-8080-exec-196] org.apache.catalina.core.ApplicationContext.log HTMLManager: restart: Reloading web application '/docs'
24-Sep-2017 21:11:08.330 INFO [http-nio-8080-exec-196] org.apache.catalina.core.ApplicationContext.log HTMLManager: list: Listing contexts for virtual host 'localhost'
24-Sep-2017 21:14:25.341 INFO [http-nio-8080-exec-201] org.apache.catalina.core.ApplicationContext.log HTMLManager: restart: Reloading web application '/gpsapp'
24-Sep-2017 21:14:25.449 INFO [http-nio-8080-exec-201] org.apache.catalina.core.ApplicationContext.log HTMLManager: list: Listing contexts for virtual host 'localhost'
24-Sep-2017 21:21:23.332 INFO [http-nio-8080-exec-211] org.apache.catalina.core.ApplicationContext.log HTMLManager: restart: Reloading web application '/gpsapp'
24-Sep-2017 21:21:23.440 INFO [http-nio-8080-exec-211] org.apache.catalina.core.ApplicationContext.log HTMLManager: list: Listing contexts for virtual host 'localhost'
24-Sep-2017 21:26:58.210 INFO [http-nio-8080-exec-6] org.apache.catalina.core.ApplicationContext.log HTMLManager: init: Associated with Deployer 'Catalina:type=Deployer,host=localhost'
24-Sep-2017 21:26:58.210 INFO [http-nio-8080-exec-6] org.apache.catalina.core.ApplicationContext.log HTMLManager: init: Global resources are available
24-Sep-2017 21:26:58.212 INFO [http-nio-8080-exec-6] org.apache.catalina.core.ApplicationContext.log HTMLManager: restart: Reloading web application '/gpsapp'
24-Sep-2017 21:26:58.434 INFO [http-nio-8080-exec-6] org.apache.catalina.core.ApplicationContext.log HTMLManager: list: Listing contexts for virtual host 'localhost'
24-Sep-2017 21:45:16.008 INFO [http-nio-8080-exec-8] org.apache.catalina.core.ApplicationContext.log HTMLManager: restart: Reloading web application '/gpsapp'
24-Sep-2017 21:45:16.204 INFO [http-nio-8080-exec-8] org.apache.catalina.core.ApplicationContext.log HTMLManager: list: Listing contexts for virtual host 'localhost'
24-Sep-2017 21:57:25.040 INFO [http-nio-8080-exec-22] org.apache.catalina.core.ApplicationContext.log HTMLManager: restart: Reloading web application '/gpsapp'
24-Sep-2017 21:57:25.197 INFO [http-nio-8080-exec-22] org.apache.catalina.core.ApplicationContext.log HTMLManager: list: Listing contexts for virtual host 'localhost'
