21-Sep-2017 12:08:42.114 INFO [main] org.apache.catalina.startup.VersionLoggerListener.log Server version:        Apache Tomcat/8.0.15
21-Sep-2017 12:08:42.118 INFO [main] org.apache.catalina.startup.VersionLoggerListener.log Server built:          Nov 2 2014 19:25:20 UTC
21-Sep-2017 12:08:42.118 INFO [main] org.apache.catalina.startup.VersionLoggerListener.log Server number:         8.0.15.0
21-Sep-2017 12:08:42.118 INFO [main] org.apache.catalina.startup.VersionLoggerListener.log OS Name:               Linux
21-Sep-2017 12:08:42.119 INFO [main] org.apache.catalina.startup.VersionLoggerListener.log OS Version:            4.12.12-300.fc26.x86_64
21-Sep-2017 12:08:42.119 INFO [main] org.apache.catalina.startup.VersionLoggerListener.log Architecture:          amd64
21-Sep-2017 12:08:42.119 INFO [main] org.apache.catalina.startup.VersionLoggerListener.log JAVA_HOME:             /usr/lib/jvm/java-1.8.0-openjdk-1.8.0.144-5.b01.fc26.x86_64/jre
21-Sep-2017 12:08:42.120 INFO [main] org.apache.catalina.startup.VersionLoggerListener.log JVM Version:           1.8.0_144-b01
21-Sep-2017 12:08:42.120 INFO [main] org.apache.catalina.startup.VersionLoggerListener.log JVM Vendor:            Oracle Corporation
21-Sep-2017 12:08:42.121 INFO [main] org.apache.catalina.startup.VersionLoggerListener.log CATALINA_BASE:         /home/agicquel/workspace/dut/M3104/tomcat-etud
21-Sep-2017 12:08:42.121 INFO [main] org.apache.catalina.startup.VersionLoggerListener.log CATALINA_HOME:         /home/agicquel/workspace/dut/M3104/tomcat-etud
21-Sep-2017 12:08:42.122 INFO [main] org.apache.catalina.startup.VersionLoggerListener.log Command line argument: -Djava.util.logging.config.file=/home/agicquel/workspace/dut/M3104/tomcat-etud/conf/logging.properties
21-Sep-2017 12:08:42.122 INFO [main] org.apache.catalina.startup.VersionLoggerListener.log Command line argument: -Djava.util.logging.manager=org.apache.juli.ClassLoaderLogManager
21-Sep-2017 12:08:42.123 INFO [main] org.apache.catalina.startup.VersionLoggerListener.log Command line argument: -Djava.endorsed.dirs=/home/agicquel/workspace/dut/M3104/tomcat-etud/endorsed
21-Sep-2017 12:08:42.123 INFO [main] org.apache.catalina.startup.VersionLoggerListener.log Command line argument: -Dcatalina.base=/home/agicquel/workspace/dut/M3104/tomcat-etud
21-Sep-2017 12:08:42.123 INFO [main] org.apache.catalina.startup.VersionLoggerListener.log Command line argument: -Dcatalina.home=/home/agicquel/workspace/dut/M3104/tomcat-etud
21-Sep-2017 12:08:42.124 INFO [main] org.apache.catalina.startup.VersionLoggerListener.log Command line argument: -Djava.io.tmpdir=/home/agicquel/workspace/dut/M3104/tomcat-etud/temp
21-Sep-2017 12:08:42.124 INFO [main] org.apache.catalina.core.AprLifecycleListener.lifecycleEvent The APR based Apache Tomcat Native library which allows optimal performance in production environments was not found on the java.library.path: /usr/java/packages/lib/amd64:/usr/lib64:/lib64:/lib:/usr/lib
21-Sep-2017 12:08:42.281 INFO [main] org.apache.coyote.AbstractProtocol.init Initializing ProtocolHandler ["http-nio-8080"]
21-Sep-2017 12:08:42.326 INFO [main] org.apache.tomcat.util.net.NioSelectorPool.getSharedSelector Using a shared selector for servlet write/read
21-Sep-2017 12:08:42.330 INFO [main] org.apache.coyote.AbstractProtocol.init Initializing ProtocolHandler ["ajp-nio-8009"]
21-Sep-2017 12:08:42.335 INFO [main] org.apache.tomcat.util.net.NioSelectorPool.getSharedSelector Using a shared selector for servlet write/read
21-Sep-2017 12:08:42.336 INFO [main] org.apache.catalina.startup.Catalina.load Initialization processed in 790 ms
21-Sep-2017 12:08:42.396 INFO [main] org.apache.catalina.core.StandardService.startInternal Démarrage du service Catalina
21-Sep-2017 12:08:42.397 INFO [main] org.apache.catalina.core.StandardEngine.startInternal Starting Servlet Engine: Apache Tomcat/8.0.15
21-Sep-2017 12:08:42.414 INFO [localhost-startStop-1] org.apache.catalina.startup.HostConfig.deployDirectory Déploiement du répertoire /home/agicquel/workspace/dut/M3104/tomcat-etud/webapps/gpsapp de l'application web
21-Sep-2017 12:08:43.352 INFO [localhost-startStop-1] org.apache.catalina.startup.HostConfig.deployDirectory Deployment of web application directory /home/agicquel/workspace/dut/M3104/tomcat-etud/webapps/gpsapp has finished in 936 ms
21-Sep-2017 12:08:43.352 INFO [localhost-startStop-1] org.apache.catalina.startup.HostConfig.deployDirectory Déploiement du répertoire /home/agicquel/workspace/dut/M3104/tomcat-etud/webapps/docs de l'application web
21-Sep-2017 12:08:43.472 INFO [localhost-startStop-1] org.apache.jasper.servlet.TldScanner.scanJars At least one JAR was scanned for TLDs yet contained no TLDs. Enable debug logging for this logger for a complete list of JARs that were scanned but no TLDs were found in them. Skipping unneeded JARs during scanning can improve startup time and JSP compilation time.
21-Sep-2017 12:08:43.475 INFO [localhost-startStop-1] org.apache.catalina.startup.HostConfig.deployDirectory Deployment of web application directory /home/agicquel/workspace/dut/M3104/tomcat-etud/webapps/docs has finished in 123 ms
21-Sep-2017 12:08:43.475 INFO [localhost-startStop-1] org.apache.catalina.startup.HostConfig.deployDirectory Déploiement du répertoire /home/agicquel/workspace/dut/M3104/tomcat-etud/webapps/host-manager de l'application web
21-Sep-2017 12:08:43.575 INFO [localhost-startStop-1] org.apache.jasper.servlet.TldScanner.scanJars At least one JAR was scanned for TLDs yet contained no TLDs. Enable debug logging for this logger for a complete list of JARs that were scanned but no TLDs were found in them. Skipping unneeded JARs during scanning can improve startup time and JSP compilation time.
21-Sep-2017 12:08:43.584 INFO [localhost-startStop-1] org.apache.catalina.startup.HostConfig.deployDirectory Deployment of web application directory /home/agicquel/workspace/dut/M3104/tomcat-etud/webapps/host-manager has finished in 109 ms
21-Sep-2017 12:08:43.585 INFO [localhost-startStop-1] org.apache.catalina.startup.HostConfig.deployDirectory Déploiement du répertoire /home/agicquel/workspace/dut/M3104/tomcat-etud/webapps/examples de l'application web
21-Sep-2017 12:08:43.952 INFO [localhost-startStop-1] org.apache.catalina.startup.HostConfig.deployDirectory Deployment of web application directory /home/agicquel/workspace/dut/M3104/tomcat-etud/webapps/examples has finished in 367 ms
21-Sep-2017 12:08:43.953 INFO [localhost-startStop-1] org.apache.catalina.startup.HostConfig.deployDirectory Déploiement du répertoire /home/agicquel/workspace/dut/M3104/tomcat-etud/webapps/manager de l'application web
21-Sep-2017 12:08:44.042 INFO [localhost-startStop-1] org.apache.jasper.servlet.TldScanner.scanJars At least one JAR was scanned for TLDs yet contained no TLDs. Enable debug logging for this logger for a complete list of JARs that were scanned but no TLDs were found in them. Skipping unneeded JARs during scanning can improve startup time and JSP compilation time.
21-Sep-2017 12:08:44.052 INFO [localhost-startStop-1] org.apache.catalina.startup.HostConfig.deployDirectory Deployment of web application directory /home/agicquel/workspace/dut/M3104/tomcat-etud/webapps/manager has finished in 99 ms
21-Sep-2017 12:08:44.052 INFO [localhost-startStop-1] org.apache.catalina.startup.HostConfig.deployDirectory Déploiement du répertoire /home/agicquel/workspace/dut/M3104/tomcat-etud/webapps/ROOT de l'application web
21-Sep-2017 12:08:44.177 INFO [localhost-startStop-1] org.apache.jasper.servlet.TldScanner.scanJars At least one JAR was scanned for TLDs yet contained no TLDs. Enable debug logging for this logger for a complete list of JARs that were scanned but no TLDs were found in them. Skipping unneeded JARs during scanning can improve startup time and JSP compilation time.
21-Sep-2017 12:08:44.180 INFO [localhost-startStop-1] org.apache.catalina.startup.HostConfig.deployDirectory Deployment of web application directory /home/agicquel/workspace/dut/M3104/tomcat-etud/webapps/ROOT has finished in 128 ms
21-Sep-2017 12:08:44.185 INFO [main] org.apache.coyote.AbstractProtocol.start Starting ProtocolHandler ["http-nio-8080"]
21-Sep-2017 12:08:44.224 INFO [main] org.apache.coyote.AbstractProtocol.start Starting ProtocolHandler ["ajp-nio-8009"]
21-Sep-2017 12:08:44.226 INFO [main] org.apache.catalina.startup.Catalina.start Server startup in 1889 ms
21-Sep-2017 12:12:18.841 INFO [http-nio-8080-exec-10] org.apache.catalina.core.StandardContext.reload Le rechargement du contexte [/gpsapp] a démarré
21-Sep-2017 12:12:19.067 INFO [http-nio-8080-exec-10] org.apache.catalina.core.StandardContext.reload Le rechargement de ce contexte est terminé
21-Sep-2017 12:16:30.479 INFO [http-nio-8080-exec-11] org.apache.catalina.core.StandardContext.reload Le rechargement du contexte [/gpsapp] a démarré
21-Sep-2017 12:16:30.710 INFO [http-nio-8080-exec-11] org.apache.catalina.core.StandardContext.reload Le rechargement de ce contexte est terminé
21-Sep-2017 12:17:08.002 INFO [http-nio-8080-exec-13] org.apache.catalina.core.StandardContext.reload Le rechargement du contexte [/gpsapp] a démarré
21-Sep-2017 12:17:08.188 INFO [http-nio-8080-exec-13] org.apache.catalina.core.StandardContext.reload Le rechargement de ce contexte est terminé
21-Sep-2017 12:18:03.442 INFO [http-nio-8080-exec-17] org.apache.catalina.core.StandardContext.reload Le rechargement du contexte [/gpsapp] a démarré
21-Sep-2017 12:18:03.622 INFO [http-nio-8080-exec-17] org.apache.catalina.core.StandardContext.reload Le rechargement de ce contexte est terminé
21-Sep-2017 12:19:08.323 INFO [http-nio-8080-exec-27] org.apache.catalina.core.StandardContext.reload Le rechargement du contexte [/gpsapp] a démarré
21-Sep-2017 12:19:08.517 INFO [http-nio-8080-exec-27] org.apache.catalina.core.StandardContext.reload Le rechargement de ce contexte est terminé
21-Sep-2017 12:33:06.117 INFO [http-nio-8080-exec-32] org.apache.catalina.core.StandardContext.reload Le rechargement du contexte [/gpsapp] a démarré
21-Sep-2017 12:33:06.254 INFO [http-nio-8080-exec-32] org.apache.catalina.core.StandardContext.reload Le rechargement de ce contexte est terminé
21-Sep-2017 12:36:15.592 INFO [http-nio-8080-exec-41] org.apache.catalina.core.StandardContext.reload Le rechargement du contexte [/gpsapp] a démarré
21-Sep-2017 12:36:15.742 INFO [http-nio-8080-exec-41] org.apache.catalina.core.StandardContext.reload Le rechargement de ce contexte est terminé
21-Sep-2017 12:38:00.806 INFO [http-nio-8080-exec-50] org.apache.catalina.core.StandardContext.reload Le rechargement du contexte [/gpsapp] a démarré
21-Sep-2017 12:38:00.940 INFO [http-nio-8080-exec-50] org.apache.catalina.core.StandardContext.reload Le rechargement de ce contexte est terminé
21-Sep-2017 15:48:28.365 INFO [http-nio-8080-exec-55] org.apache.catalina.core.StandardContext.reload Le rechargement du contexte [/gpsapp] a démarré
21-Sep-2017 15:48:28.476 INFO [http-nio-8080-exec-55] org.apache.catalina.core.StandardContext.reload Le rechargement de ce contexte est terminé
21-Sep-2017 16:44:32.543 INFO [http-nio-8080-exec-69] org.apache.catalina.core.StandardContext.reload Le rechargement du contexte [/gpsapp] a démarré
21-Sep-2017 16:44:32.666 INFO [http-nio-8080-exec-69] org.apache.catalina.core.StandardContext.reload Le rechargement de ce contexte est terminé
21-Sep-2017 16:47:04.408 INFO [http-nio-8080-exec-72] org.apache.catalina.core.StandardContext.reload Le rechargement du contexte [/gpsapp] a démarré
21-Sep-2017 16:47:04.563 INFO [http-nio-8080-exec-72] org.apache.catalina.core.StandardContext.reload Le rechargement de ce contexte est terminé
21-Sep-2017 16:49:00.354 INFO [http-nio-8080-exec-76] org.apache.catalina.core.StandardContext.reload Le rechargement du contexte [/gpsapp] a démarré
21-Sep-2017 16:49:00.466 INFO [http-nio-8080-exec-76] org.apache.catalina.core.StandardContext.reload Le rechargement de ce contexte est terminé
21-Sep-2017 17:56:36.537 INFO [Thread-5] org.apache.coyote.AbstractProtocol.pause Pausing ProtocolHandler ["http-nio-8080"]
21-Sep-2017 17:56:36.594 INFO [Thread-5] org.apache.coyote.AbstractProtocol.pause Pausing ProtocolHandler ["ajp-nio-8009"]
21-Sep-2017 17:56:36.645 INFO [Thread-5] org.apache.catalina.core.StandardService.stopInternal Arrêt du service Catalina
21-Sep-2017 17:56:36.677 INFO [Thread-5] org.apache.coyote.AbstractProtocol.stop Stopping ProtocolHandler ["http-nio-8080"]
21-Sep-2017 17:56:36.680 INFO [Thread-5] org.apache.coyote.AbstractProtocol.stop Stopping ProtocolHandler ["ajp-nio-8009"]
21-Sep-2017 17:56:36.682 INFO [Thread-5] org.apache.coyote.AbstractProtocol.destroy Destroying ProtocolHandler ["http-nio-8080"]
21-Sep-2017 17:56:36.683 INFO [Thread-5] org.apache.coyote.AbstractProtocol.destroy Destroying ProtocolHandler ["ajp-nio-8009"]
21-Sep-2017 19:17:44.825 INFO [main] org.apache.catalina.startup.VersionLoggerListener.log Server version:        Apache Tomcat/8.0.15
21-Sep-2017 19:17:44.827 INFO [main] org.apache.catalina.startup.VersionLoggerListener.log Server built:          Nov 2 2014 19:25:20 UTC
21-Sep-2017 19:17:44.827 INFO [main] org.apache.catalina.startup.VersionLoggerListener.log Server number:         8.0.15.0
21-Sep-2017 19:17:44.827 INFO [main] org.apache.catalina.startup.VersionLoggerListener.log OS Name:               Linux
21-Sep-2017 19:17:44.828 INFO [main] org.apache.catalina.startup.VersionLoggerListener.log OS Version:            4.12.13-300.fc26.x86_64
21-Sep-2017 19:17:44.828 INFO [main] org.apache.catalina.startup.VersionLoggerListener.log Architecture:          amd64
21-Sep-2017 19:17:44.828 INFO [main] org.apache.catalina.startup.VersionLoggerListener.log JAVA_HOME:             /usr/lib/jvm/java-1.8.0-openjdk-1.8.0.144-5.b01.fc26.x86_64/jre
21-Sep-2017 19:17:44.828 INFO [main] org.apache.catalina.startup.VersionLoggerListener.log JVM Version:           1.8.0_144-b01
21-Sep-2017 19:17:44.828 INFO [main] org.apache.catalina.startup.VersionLoggerListener.log JVM Vendor:            Oracle Corporation
21-Sep-2017 19:17:44.828 INFO [main] org.apache.catalina.startup.VersionLoggerListener.log CATALINA_BASE:         /home/agicquel/workspace/dut/M3104/tomcat-etud
21-Sep-2017 19:17:44.828 INFO [main] org.apache.catalina.startup.VersionLoggerListener.log CATALINA_HOME:         /home/agicquel/workspace/dut/M3104/tomcat-etud
21-Sep-2017 19:17:44.829 INFO [main] org.apache.catalina.startup.VersionLoggerListener.log Command line argument: -Djava.util.logging.config.file=/home/agicquel/workspace/dut/M3104/tomcat-etud/conf/logging.properties
21-Sep-2017 19:17:44.829 INFO [main] org.apache.catalina.startup.VersionLoggerListener.log Command line argument: -Djava.util.logging.manager=org.apache.juli.ClassLoaderLogManager
21-Sep-2017 19:17:44.829 INFO [main] org.apache.catalina.startup.VersionLoggerListener.log Command line argument: -Djava.endorsed.dirs=/home/agicquel/workspace/dut/M3104/tomcat-etud/endorsed
21-Sep-2017 19:17:44.829 INFO [main] org.apache.catalina.startup.VersionLoggerListener.log Command line argument: -Dcatalina.base=/home/agicquel/workspace/dut/M3104/tomcat-etud
21-Sep-2017 19:17:44.830 INFO [main] org.apache.catalina.startup.VersionLoggerListener.log Command line argument: -Dcatalina.home=/home/agicquel/workspace/dut/M3104/tomcat-etud
21-Sep-2017 19:17:44.830 INFO [main] org.apache.catalina.startup.VersionLoggerListener.log Command line argument: -Djava.io.tmpdir=/home/agicquel/workspace/dut/M3104/tomcat-etud/temp
21-Sep-2017 19:17:44.830 INFO [main] org.apache.catalina.core.AprLifecycleListener.lifecycleEvent The APR based Apache Tomcat Native library which allows optimal performance in production environments was not found on the java.library.path: /usr/java/packages/lib/amd64:/usr/lib64:/lib64:/lib:/usr/lib
21-Sep-2017 19:17:44.937 INFO [main] org.apache.coyote.AbstractProtocol.init Initializing ProtocolHandler ["http-nio-8080"]
21-Sep-2017 19:17:44.963 INFO [main] org.apache.tomcat.util.net.NioSelectorPool.getSharedSelector Using a shared selector for servlet write/read
21-Sep-2017 19:17:44.967 INFO [main] org.apache.coyote.AbstractProtocol.init Initializing ProtocolHandler ["ajp-nio-8009"]
21-Sep-2017 19:17:44.969 INFO [main] org.apache.tomcat.util.net.NioSelectorPool.getSharedSelector Using a shared selector for servlet write/read
21-Sep-2017 19:17:44.969 INFO [main] org.apache.catalina.startup.Catalina.load Initialization processed in 655 ms
21-Sep-2017 19:17:44.996 INFO [main] org.apache.catalina.core.StandardService.startInternal Démarrage du service Catalina
21-Sep-2017 19:17:44.997 INFO [main] org.apache.catalina.core.StandardEngine.startInternal Starting Servlet Engine: Apache Tomcat/8.0.15
21-Sep-2017 19:17:45.012 INFO [localhost-startStop-1] org.apache.catalina.startup.HostConfig.deployDirectory Déploiement du répertoire /home/agicquel/workspace/dut/M3104/tomcat-etud/webapps/gpsapp de l'application web
21-Sep-2017 19:17:45.642 INFO [localhost-startStop-1] org.apache.catalina.startup.HostConfig.deployDirectory Deployment of web application directory /home/agicquel/workspace/dut/M3104/tomcat-etud/webapps/gpsapp has finished in 629 ms
21-Sep-2017 19:17:45.643 INFO [localhost-startStop-1] org.apache.catalina.startup.HostConfig.deployDirectory Déploiement du répertoire /home/agicquel/workspace/dut/M3104/tomcat-etud/webapps/docs de l'application web
21-Sep-2017 19:17:45.722 INFO [localhost-startStop-1] org.apache.jasper.servlet.TldScanner.scanJars At least one JAR was scanned for TLDs yet contained no TLDs. Enable debug logging for this logger for a complete list of JARs that were scanned but no TLDs were found in them. Skipping unneeded JARs during scanning can improve startup time and JSP compilation time.
21-Sep-2017 19:17:45.725 INFO [localhost-startStop-1] org.apache.catalina.startup.HostConfig.deployDirectory Deployment of web application directory /home/agicquel/workspace/dut/M3104/tomcat-etud/webapps/docs has finished in 82 ms
21-Sep-2017 19:17:45.725 INFO [localhost-startStop-1] org.apache.catalina.startup.HostConfig.deployDirectory Déploiement du répertoire /home/agicquel/workspace/dut/M3104/tomcat-etud/webapps/host-manager de l'application web
21-Sep-2017 19:17:45.801 INFO [localhost-startStop-1] org.apache.jasper.servlet.TldScanner.scanJars At least one JAR was scanned for TLDs yet contained no TLDs. Enable debug logging for this logger for a complete list of JARs that were scanned but no TLDs were found in them. Skipping unneeded JARs during scanning can improve startup time and JSP compilation time.
21-Sep-2017 19:17:45.809 INFO [localhost-startStop-1] org.apache.catalina.startup.HostConfig.deployDirectory Deployment of web application directory /home/agicquel/workspace/dut/M3104/tomcat-etud/webapps/host-manager has finished in 84 ms
21-Sep-2017 19:17:45.810 INFO [localhost-startStop-1] org.apache.catalina.startup.HostConfig.deployDirectory Déploiement du répertoire /home/agicquel/workspace/dut/M3104/tomcat-etud/webapps/examples de l'application web
21-Sep-2017 19:17:46.158 INFO [localhost-startStop-1] org.apache.catalina.startup.HostConfig.deployDirectory Deployment of web application directory /home/agicquel/workspace/dut/M3104/tomcat-etud/webapps/examples has finished in 348 ms
21-Sep-2017 19:17:46.158 INFO [localhost-startStop-1] org.apache.catalina.startup.HostConfig.deployDirectory Déploiement du répertoire /home/agicquel/workspace/dut/M3104/tomcat-etud/webapps/manager de l'application web
21-Sep-2017 19:17:46.235 INFO [localhost-startStop-1] org.apache.jasper.servlet.TldScanner.scanJars At least one JAR was scanned for TLDs yet contained no TLDs. Enable debug logging for this logger for a complete list of JARs that were scanned but no TLDs were found in them. Skipping unneeded JARs during scanning can improve startup time and JSP compilation time.
21-Sep-2017 19:17:46.238 INFO [localhost-startStop-1] org.apache.catalina.startup.HostConfig.deployDirectory Deployment of web application directory /home/agicquel/workspace/dut/M3104/tomcat-etud/webapps/manager has finished in 80 ms
21-Sep-2017 19:17:46.239 INFO [localhost-startStop-1] org.apache.catalina.startup.HostConfig.deployDirectory Déploiement du répertoire /home/agicquel/workspace/dut/M3104/tomcat-etud/webapps/ROOT de l'application web
21-Sep-2017 19:17:46.321 INFO [localhost-startStop-1] org.apache.jasper.servlet.TldScanner.scanJars At least one JAR was scanned for TLDs yet contained no TLDs. Enable debug logging for this logger for a complete list of JARs that were scanned but no TLDs were found in them. Skipping unneeded JARs during scanning can improve startup time and JSP compilation time.
21-Sep-2017 19:17:46.326 INFO [localhost-startStop-1] org.apache.catalina.startup.HostConfig.deployDirectory Deployment of web application directory /home/agicquel/workspace/dut/M3104/tomcat-etud/webapps/ROOT has finished in 88 ms
21-Sep-2017 19:17:46.330 INFO [main] org.apache.coyote.AbstractProtocol.start Starting ProtocolHandler ["http-nio-8080"]
21-Sep-2017 19:17:46.342 INFO [main] org.apache.coyote.AbstractProtocol.start Starting ProtocolHandler ["ajp-nio-8009"]
21-Sep-2017 19:17:46.348 INFO [main] org.apache.catalina.startup.Catalina.start Server startup in 1378 ms
21-Sep-2017 19:37:19.396 INFO [http-nio-8080-exec-7] org.apache.catalina.core.StandardContext.reload Le rechargement du contexte [/gpsapp] a démarré
21-Sep-2017 19:37:19.630 INFO [http-nio-8080-exec-7] org.apache.catalina.core.StandardContext.reload Le rechargement de ce contexte est terminé
21-Sep-2017 19:55:45.396 INFO [http-nio-8080-exec-11] org.apache.catalina.core.StandardContext.reload Le rechargement du contexte [/gpsapp] a démarré
21-Sep-2017 19:55:45.566 INFO [http-nio-8080-exec-11] org.apache.catalina.core.StandardContext.reload Le rechargement de ce contexte est terminé
21-Sep-2017 20:18:12.226 INFO [Thread-5] org.apache.coyote.AbstractProtocol.pause Pausing ProtocolHandler ["http-nio-8080"]
21-Sep-2017 20:18:12.286 INFO [Thread-5] org.apache.coyote.AbstractProtocol.pause Pausing ProtocolHandler ["ajp-nio-8009"]
21-Sep-2017 20:18:12.337 INFO [Thread-5] org.apache.catalina.core.StandardService.stopInternal Arrêt du service Catalina
21-Sep-2017 20:18:12.391 INFO [Thread-5] org.apache.coyote.AbstractProtocol.stop Stopping ProtocolHandler ["http-nio-8080"]
21-Sep-2017 20:18:12.392 INFO [Thread-5] org.apache.coyote.AbstractProtocol.stop Stopping ProtocolHandler ["ajp-nio-8009"]
21-Sep-2017 20:18:12.394 INFO [Thread-5] org.apache.coyote.AbstractProtocol.destroy Destroying ProtocolHandler ["http-nio-8080"]
21-Sep-2017 20:18:12.395 INFO [Thread-5] org.apache.coyote.AbstractProtocol.destroy Destroying ProtocolHandler ["ajp-nio-8009"]
