22-Sep-2017 13:52:59.744 INFO [main] org.apache.catalina.startup.VersionLoggerListener.log Server version:        Apache Tomcat/8.0.15
22-Sep-2017 13:52:59.747 INFO [main] org.apache.catalina.startup.VersionLoggerListener.log Server built:          Nov 2 2014 19:25:20 UTC
22-Sep-2017 13:52:59.747 INFO [main] org.apache.catalina.startup.VersionLoggerListener.log Server number:         8.0.15.0
22-Sep-2017 13:52:59.747 INFO [main] org.apache.catalina.startup.VersionLoggerListener.log OS Name:               Linux
22-Sep-2017 13:52:59.748 INFO [main] org.apache.catalina.startup.VersionLoggerListener.log OS Version:            4.12.13-300.fc26.x86_64
22-Sep-2017 13:52:59.748 INFO [main] org.apache.catalina.startup.VersionLoggerListener.log Architecture:          amd64
22-Sep-2017 13:52:59.748 INFO [main] org.apache.catalina.startup.VersionLoggerListener.log JAVA_HOME:             /usr/lib/jvm/java-1.8.0-openjdk-1.8.0.144-5.b01.fc26.x86_64/jre
22-Sep-2017 13:52:59.748 INFO [main] org.apache.catalina.startup.VersionLoggerListener.log JVM Version:           1.8.0_144-b01
22-Sep-2017 13:52:59.749 INFO [main] org.apache.catalina.startup.VersionLoggerListener.log JVM Vendor:            Oracle Corporation
22-Sep-2017 13:52:59.749 INFO [main] org.apache.catalina.startup.VersionLoggerListener.log CATALINA_BASE:         /home/agicquel/workspace/dut/M3104/tomcat-etud
22-Sep-2017 13:52:59.749 INFO [main] org.apache.catalina.startup.VersionLoggerListener.log CATALINA_HOME:         /home/agicquel/workspace/dut/M3104/tomcat-etud
22-Sep-2017 13:52:59.749 INFO [main] org.apache.catalina.startup.VersionLoggerListener.log Command line argument: -Djava.util.logging.config.file=/home/agicquel/workspace/dut/M3104/tomcat-etud/conf/logging.properties
22-Sep-2017 13:52:59.749 INFO [main] org.apache.catalina.startup.VersionLoggerListener.log Command line argument: -Djava.util.logging.manager=org.apache.juli.ClassLoaderLogManager
22-Sep-2017 13:52:59.750 INFO [main] org.apache.catalina.startup.VersionLoggerListener.log Command line argument: -Djava.endorsed.dirs=/home/agicquel/workspace/dut/M3104/tomcat-etud/endorsed
22-Sep-2017 13:52:59.750 INFO [main] org.apache.catalina.startup.VersionLoggerListener.log Command line argument: -Dcatalina.base=/home/agicquel/workspace/dut/M3104/tomcat-etud
22-Sep-2017 13:52:59.750 INFO [main] org.apache.catalina.startup.VersionLoggerListener.log Command line argument: -Dcatalina.home=/home/agicquel/workspace/dut/M3104/tomcat-etud
22-Sep-2017 13:52:59.750 INFO [main] org.apache.catalina.startup.VersionLoggerListener.log Command line argument: -Djava.io.tmpdir=/home/agicquel/workspace/dut/M3104/tomcat-etud/temp
22-Sep-2017 13:52:59.750 INFO [main] org.apache.catalina.core.AprLifecycleListener.lifecycleEvent The APR based Apache Tomcat Native library which allows optimal performance in production environments was not found on the java.library.path: /usr/java/packages/lib/amd64:/usr/lib64:/lib64:/lib:/usr/lib
22-Sep-2017 13:52:59.858 INFO [main] org.apache.coyote.AbstractProtocol.init Initializing ProtocolHandler ["http-nio-8080"]
22-Sep-2017 13:52:59.891 INFO [main] org.apache.tomcat.util.net.NioSelectorPool.getSharedSelector Using a shared selector for servlet write/read
22-Sep-2017 13:52:59.894 INFO [main] org.apache.coyote.AbstractProtocol.init Initializing ProtocolHandler ["ajp-nio-8009"]
22-Sep-2017 13:52:59.897 INFO [main] org.apache.tomcat.util.net.NioSelectorPool.getSharedSelector Using a shared selector for servlet write/read
22-Sep-2017 13:52:59.899 INFO [main] org.apache.catalina.startup.Catalina.load Initialization processed in 603 ms
22-Sep-2017 13:52:59.936 INFO [main] org.apache.catalina.core.StandardService.startInternal Démarrage du service Catalina
22-Sep-2017 13:52:59.936 INFO [main] org.apache.catalina.core.StandardEngine.startInternal Starting Servlet Engine: Apache Tomcat/8.0.15
22-Sep-2017 13:52:59.951 INFO [localhost-startStop-1] org.apache.catalina.startup.HostConfig.deployDirectory Déploiement du répertoire /home/agicquel/workspace/dut/M3104/tomcat-etud/webapps/gpsapp de l'application web
22-Sep-2017 13:53:00.636 INFO [localhost-startStop-1] org.apache.catalina.startup.HostConfig.deployDirectory Deployment of web application directory /home/agicquel/workspace/dut/M3104/tomcat-etud/webapps/gpsapp has finished in 683 ms
22-Sep-2017 13:53:00.636 INFO [localhost-startStop-1] org.apache.catalina.startup.HostConfig.deployDirectory Déploiement du répertoire /home/agicquel/workspace/dut/M3104/tomcat-etud/webapps/docs de l'application web
22-Sep-2017 13:53:00.713 INFO [localhost-startStop-1] org.apache.jasper.servlet.TldScanner.scanJars At least one JAR was scanned for TLDs yet contained no TLDs. Enable debug logging for this logger for a complete list of JARs that were scanned but no TLDs were found in them. Skipping unneeded JARs during scanning can improve startup time and JSP compilation time.
22-Sep-2017 13:53:00.716 INFO [localhost-startStop-1] org.apache.catalina.startup.HostConfig.deployDirectory Deployment of web application directory /home/agicquel/workspace/dut/M3104/tomcat-etud/webapps/docs has finished in 80 ms
22-Sep-2017 13:53:00.717 INFO [localhost-startStop-1] org.apache.catalina.startup.HostConfig.deployDirectory Déploiement du répertoire /home/agicquel/workspace/dut/M3104/tomcat-etud/webapps/host-manager de l'application web
22-Sep-2017 13:53:00.819 INFO [localhost-startStop-1] org.apache.jasper.servlet.TldScanner.scanJars At least one JAR was scanned for TLDs yet contained no TLDs. Enable debug logging for this logger for a complete list of JARs that were scanned but no TLDs were found in them. Skipping unneeded JARs during scanning can improve startup time and JSP compilation time.
22-Sep-2017 13:53:00.827 INFO [localhost-startStop-1] org.apache.catalina.startup.HostConfig.deployDirectory Deployment of web application directory /home/agicquel/workspace/dut/M3104/tomcat-etud/webapps/host-manager has finished in 110 ms
22-Sep-2017 13:53:00.828 INFO [localhost-startStop-1] org.apache.catalina.startup.HostConfig.deployDirectory Déploiement du répertoire /home/agicquel/workspace/dut/M3104/tomcat-etud/webapps/examples de l'application web
22-Sep-2017 13:53:01.186 INFO [localhost-startStop-1] org.apache.catalina.startup.HostConfig.deployDirectory Deployment of web application directory /home/agicquel/workspace/dut/M3104/tomcat-etud/webapps/examples has finished in 358 ms
22-Sep-2017 13:53:01.186 INFO [localhost-startStop-1] org.apache.catalina.startup.HostConfig.deployDirectory Déploiement du répertoire /home/agicquel/workspace/dut/M3104/tomcat-etud/webapps/manager de l'application web
22-Sep-2017 13:53:01.289 INFO [localhost-startStop-1] org.apache.jasper.servlet.TldScanner.scanJars At least one JAR was scanned for TLDs yet contained no TLDs. Enable debug logging for this logger for a complete list of JARs that were scanned but no TLDs were found in them. Skipping unneeded JARs during scanning can improve startup time and JSP compilation time.
22-Sep-2017 13:53:01.307 INFO [localhost-startStop-1] org.apache.catalina.startup.HostConfig.deployDirectory Deployment of web application directory /home/agicquel/workspace/dut/M3104/tomcat-etud/webapps/manager has finished in 120 ms
22-Sep-2017 13:53:01.307 INFO [localhost-startStop-1] org.apache.catalina.startup.HostConfig.deployDirectory Déploiement du répertoire /home/agicquel/workspace/dut/M3104/tomcat-etud/webapps/ROOT de l'application web
22-Sep-2017 13:53:01.419 INFO [localhost-startStop-1] org.apache.jasper.servlet.TldScanner.scanJars At least one JAR was scanned for TLDs yet contained no TLDs. Enable debug logging for this logger for a complete list of JARs that were scanned but no TLDs were found in them. Skipping unneeded JARs during scanning can improve startup time and JSP compilation time.
22-Sep-2017 13:53:01.421 INFO [localhost-startStop-1] org.apache.catalina.startup.HostConfig.deployDirectory Deployment of web application directory /home/agicquel/workspace/dut/M3104/tomcat-etud/webapps/ROOT has finished in 114 ms
22-Sep-2017 13:53:01.425 INFO [main] org.apache.coyote.AbstractProtocol.start Starting ProtocolHandler ["http-nio-8080"]
22-Sep-2017 13:53:01.439 INFO [main] org.apache.coyote.AbstractProtocol.start Starting ProtocolHandler ["ajp-nio-8009"]
22-Sep-2017 13:53:01.441 INFO [main] org.apache.catalina.startup.Catalina.start Server startup in 1540 ms
