11-Sep-2017 10:00:18.216 INFO [localhost-startStop-1] org.apache.catalina.core.ApplicationContext.log ContextListener: contextInitialized()
11-Sep-2017 10:00:18.216 INFO [localhost-startStop-1] org.apache.catalina.core.ApplicationContext.log SessionListener: contextInitialized()
11-Sep-2017 10:00:22.760 INFO [http-nio-8080-exec-2] org.apache.catalina.core.ApplicationContext.log La servlet FrontControllerServlet est marqué comme indisponible
11-Sep-2017 10:00:22.761 SEVERE [http-nio-8080-exec-2] org.apache.catalina.core.ApplicationDispatcher.invoke Exception d'allocation pour la servlet FrontControllerServlet
 java.lang.ClassNotFoundException: control.FrontController
	at org.apache.catalina.loader.WebappClassLoaderBase.loadClass(WebappClassLoaderBase.java:1295)
	at org.apache.catalina.loader.WebappClassLoaderBase.loadClass(WebappClassLoaderBase.java:1147)
	at org.apache.catalina.core.DefaultInstanceManager.loadClass(DefaultInstanceManager.java:520)
	at org.apache.catalina.core.DefaultInstanceManager.loadClassMaybePrivileged(DefaultInstanceManager.java:501)
	at org.apache.catalina.core.DefaultInstanceManager.newInstance(DefaultInstanceManager.java:120)
	at org.apache.catalina.core.StandardWrapper.loadServlet(StandardWrapper.java:1105)
	at org.apache.catalina.core.StandardWrapper.allocate(StandardWrapper.java:827)
	at org.apache.catalina.core.ApplicationDispatcher.invoke(ApplicationDispatcher.java:694)
	at org.apache.catalina.core.ApplicationDispatcher.processRequest(ApplicationDispatcher.java:466)
	at org.apache.catalina.core.ApplicationDispatcher.doForward(ApplicationDispatcher.java:391)
	at org.apache.catalina.core.ApplicationDispatcher.forward(ApplicationDispatcher.java:318)
	at org.apache.jasper.runtime.PageContextImpl.doForward(PageContextImpl.java:739)
	at org.apache.jasper.runtime.PageContextImpl.forward(PageContextImpl.java:709)
	at org.apache.jsp.index_jsp._jspService(index_jsp.java:69)
	at org.apache.jasper.runtime.HttpJspBase.service(HttpJspBase.java:70)
	at javax.servlet.http.HttpServlet.service(HttpServlet.java:725)
	at org.apache.jasper.servlet.JspServletWrapper.service(JspServletWrapper.java:432)
	at org.apache.jasper.servlet.JspServlet.serviceJspFile(JspServlet.java:396)
	at org.apache.jasper.servlet.JspServlet.service(JspServlet.java:340)
	at javax.servlet.http.HttpServlet.service(HttpServlet.java:725)
	at org.apache.catalina.core.ApplicationFilterChain.internalDoFilter(ApplicationFilterChain.java:291)
	at org.apache.catalina.core.ApplicationFilterChain.doFilter(ApplicationFilterChain.java:206)
	at org.apache.tomcat.websocket.server.WsFilter.doFilter(WsFilter.java:52)
	at org.apache.catalina.core.ApplicationFilterChain.internalDoFilter(ApplicationFilterChain.java:239)
	at org.apache.catalina.core.ApplicationFilterChain.doFilter(ApplicationFilterChain.java:206)
	at org.apache.catalina.core.StandardWrapperValve.invoke(StandardWrapperValve.java:219)
	at org.apache.catalina.core.StandardContextValve.invoke(StandardContextValve.java:106)
	at org.apache.catalina.authenticator.AuthenticatorBase.invoke(AuthenticatorBase.java:501)
	at org.apache.catalina.core.StandardHostValve.invoke(StandardHostValve.java:142)
	at org.apache.catalina.valves.ErrorReportValve.invoke(ErrorReportValve.java:79)
	at org.apache.catalina.valves.AbstractAccessLogValve.invoke(AbstractAccessLogValve.java:610)
	at org.apache.catalina.core.StandardEngineValve.invoke(StandardEngineValve.java:88)
	at org.apache.catalina.connector.CoyoteAdapter.service(CoyoteAdapter.java:537)
	at org.apache.coyote.http11.AbstractHttp11Processor.process(AbstractHttp11Processor.java:1085)
	at org.apache.coyote.AbstractProtocol$AbstractConnectionHandler.process(AbstractProtocol.java:658)
	at org.apache.coyote.http11.Http11NioProtocol$Http11ConnectionHandler.process(Http11NioProtocol.java:222)
	at org.apache.tomcat.util.net.NioEndpoint$SocketProcessor.doRun(NioEndpoint.java:1556)
	at org.apache.tomcat.util.net.NioEndpoint$SocketProcessor.run(NioEndpoint.java:1513)
	at java.util.concurrent.ThreadPoolExecutor.runWorker(ThreadPoolExecutor.java:1149)
	at java.util.concurrent.ThreadPoolExecutor$Worker.run(ThreadPoolExecutor.java:624)
	at org.apache.tomcat.util.threads.TaskThread$WrappingRunnable.run(TaskThread.java:61)
	at java.lang.Thread.run(Thread.java:748)

11-Sep-2017 10:00:22.764 SEVERE [http-nio-8080-exec-2] org.apache.catalina.core.StandardWrapperValve.invoke Servlet.service() for servlet [jsp] in context with path [/gpsapp] threw exception [An exception occurred processing JSP page /index.jsp at line 1

1: <jsp:forward page="index?p=main"/>


Stacktrace:] with root cause
 java.lang.ClassNotFoundException: control.FrontController
	at org.apache.catalina.loader.WebappClassLoaderBase.loadClass(WebappClassLoaderBase.java:1295)
	at org.apache.catalina.loader.WebappClassLoaderBase.loadClass(WebappClassLoaderBase.java:1147)
	at org.apache.catalina.core.DefaultInstanceManager.loadClass(DefaultInstanceManager.java:520)
	at org.apache.catalina.core.DefaultInstanceManager.loadClassMaybePrivileged(DefaultInstanceManager.java:501)
	at org.apache.catalina.core.DefaultInstanceManager.newInstance(DefaultInstanceManager.java:120)
	at org.apache.catalina.core.StandardWrapper.loadServlet(StandardWrapper.java:1105)
	at org.apache.catalina.core.StandardWrapper.allocate(StandardWrapper.java:827)
	at org.apache.catalina.core.ApplicationDispatcher.invoke(ApplicationDispatcher.java:694)
	at org.apache.catalina.core.ApplicationDispatcher.processRequest(ApplicationDispatcher.java:466)
	at org.apache.catalina.core.ApplicationDispatcher.doForward(ApplicationDispatcher.java:391)
	at org.apache.catalina.core.ApplicationDispatcher.forward(ApplicationDispatcher.java:318)
	at org.apache.jasper.runtime.PageContextImpl.doForward(PageContextImpl.java:739)
	at org.apache.jasper.runtime.PageContextImpl.forward(PageContextImpl.java:709)
	at org.apache.jsp.index_jsp._jspService(index_jsp.java:69)
	at org.apache.jasper.runtime.HttpJspBase.service(HttpJspBase.java:70)
	at javax.servlet.http.HttpServlet.service(HttpServlet.java:725)
	at org.apache.jasper.servlet.JspServletWrapper.service(JspServletWrapper.java:432)
	at org.apache.jasper.servlet.JspServlet.serviceJspFile(JspServlet.java:396)
	at org.apache.jasper.servlet.JspServlet.service(JspServlet.java:340)
	at javax.servlet.http.HttpServlet.service(HttpServlet.java:725)
	at org.apache.catalina.core.ApplicationFilterChain.internalDoFilter(ApplicationFilterChain.java:291)
	at org.apache.catalina.core.ApplicationFilterChain.doFilter(ApplicationFilterChain.java:206)
	at org.apache.tomcat.websocket.server.WsFilter.doFilter(WsFilter.java:52)
	at org.apache.catalina.core.ApplicationFilterChain.internalDoFilter(ApplicationFilterChain.java:239)
	at org.apache.catalina.core.ApplicationFilterChain.doFilter(ApplicationFilterChain.java:206)
	at org.apache.catalina.core.StandardWrapperValve.invoke(StandardWrapperValve.java:219)
	at org.apache.catalina.core.StandardContextValve.invoke(StandardContextValve.java:106)
	at org.apache.catalina.authenticator.AuthenticatorBase.invoke(AuthenticatorBase.java:501)
	at org.apache.catalina.core.StandardHostValve.invoke(StandardHostValve.java:142)
	at org.apache.catalina.valves.ErrorReportValve.invoke(ErrorReportValve.java:79)
	at org.apache.catalina.valves.AbstractAccessLogValve.invoke(AbstractAccessLogValve.java:610)
	at org.apache.catalina.core.StandardEngineValve.invoke(StandardEngineValve.java:88)
	at org.apache.catalina.connector.CoyoteAdapter.service(CoyoteAdapter.java:537)
	at org.apache.coyote.http11.AbstractHttp11Processor.process(AbstractHttp11Processor.java:1085)
	at org.apache.coyote.AbstractProtocol$AbstractConnectionHandler.process(AbstractProtocol.java:658)
	at org.apache.coyote.http11.Http11NioProtocol$Http11ConnectionHandler.process(Http11NioProtocol.java:222)
	at org.apache.tomcat.util.net.NioEndpoint$SocketProcessor.doRun(NioEndpoint.java:1556)
	at org.apache.tomcat.util.net.NioEndpoint$SocketProcessor.run(NioEndpoint.java:1513)
	at java.util.concurrent.ThreadPoolExecutor.runWorker(ThreadPoolExecutor.java:1149)
	at java.util.concurrent.ThreadPoolExecutor$Worker.run(ThreadPoolExecutor.java:624)
	at org.apache.tomcat.util.threads.TaskThread$WrappingRunnable.run(TaskThread.java:61)
	at java.lang.Thread.run(Thread.java:748)

11-Sep-2017 10:07:38.883 WARNING [http-nio-8080-exec-4] org.apache.catalina.core.ApplicationDispatcher.invoke La servlet FrontControllerServlet est actuellement indisponible
11-Sep-2017 10:09:15.626 WARNING [http-nio-8080-exec-6] org.apache.catalina.core.ApplicationDispatcher.invoke La servlet FrontControllerServlet est actuellement indisponible
11-Sep-2017 10:11:22.620 WARNING [http-nio-8080-exec-2] org.apache.catalina.core.ApplicationDispatcher.invoke La servlet FrontControllerServlet est actuellement indisponible
11-Sep-2017 10:11:23.484 WARNING [http-nio-8080-exec-1] org.apache.catalina.core.ApplicationDispatcher.invoke La servlet FrontControllerServlet est actuellement indisponible
11-Sep-2017 10:11:23.903 WARNING [http-nio-8080-exec-8] org.apache.catalina.core.ApplicationDispatcher.invoke La servlet FrontControllerServlet est actuellement indisponible
11-Sep-2017 10:11:24.228 WARNING [http-nio-8080-exec-9] org.apache.catalina.core.ApplicationDispatcher.invoke La servlet FrontControllerServlet est actuellement indisponible
11-Sep-2017 10:11:40.493 WARNING [http-nio-8080-exec-10] org.apache.catalina.core.ApplicationDispatcher.invoke La servlet FrontControllerServlet est actuellement indisponible
11-Sep-2017 10:11:40.987 WARNING [http-nio-8080-exec-3] org.apache.catalina.core.ApplicationDispatcher.invoke La servlet FrontControllerServlet est actuellement indisponible
11-Sep-2017 10:11:41.323 WARNING [http-nio-8080-exec-4] org.apache.catalina.core.ApplicationDispatcher.invoke La servlet FrontControllerServlet est actuellement indisponible
11-Sep-2017 10:11:41.521 WARNING [http-nio-8080-exec-5] org.apache.catalina.core.ApplicationDispatcher.invoke La servlet FrontControllerServlet est actuellement indisponible
11-Sep-2017 10:11:41.737 WARNING [http-nio-8080-exec-6] org.apache.catalina.core.ApplicationDispatcher.invoke La servlet FrontControllerServlet est actuellement indisponible
11-Sep-2017 10:11:41.896 WARNING [http-nio-8080-exec-7] org.apache.catalina.core.ApplicationDispatcher.invoke La servlet FrontControllerServlet est actuellement indisponible
11-Sep-2017 10:11:42.266 WARNING [http-nio-8080-exec-2] org.apache.catalina.core.ApplicationDispatcher.invoke La servlet FrontControllerServlet est actuellement indisponible
11-Sep-2017 10:11:42.422 WARNING [http-nio-8080-exec-1] org.apache.catalina.core.ApplicationDispatcher.invoke La servlet FrontControllerServlet est actuellement indisponible
11-Sep-2017 10:11:42.772 WARNING [http-nio-8080-exec-8] org.apache.catalina.core.ApplicationDispatcher.invoke La servlet FrontControllerServlet est actuellement indisponible
11-Sep-2017 10:11:43.053 WARNING [http-nio-8080-exec-9] org.apache.catalina.core.ApplicationDispatcher.invoke La servlet FrontControllerServlet est actuellement indisponible
11-Sep-2017 10:12:48.410 WARNING [http-nio-8080-exec-10] org.apache.catalina.core.ApplicationDispatcher.invoke La servlet FrontControllerServlet est actuellement indisponible
11-Sep-2017 10:13:43.190 WARNING [http-nio-8080-exec-5] org.apache.catalina.core.ApplicationDispatcher.invoke La servlet FrontControllerServlet est actuellement indisponible
11-Sep-2017 10:14:37.957 WARNING [http-nio-8080-exec-6] org.apache.catalina.core.ApplicationDispatcher.invoke La servlet FrontControllerServlet est actuellement indisponible
11-Sep-2017 10:14:38.355 WARNING [http-nio-8080-exec-7] org.apache.catalina.core.ApplicationDispatcher.invoke La servlet FrontControllerServlet est actuellement indisponible
11-Sep-2017 10:14:38.510 WARNING [http-nio-8080-exec-2] org.apache.catalina.core.ApplicationDispatcher.invoke La servlet FrontControllerServlet est actuellement indisponible
11-Sep-2017 10:14:38.672 WARNING [http-nio-8080-exec-1] org.apache.catalina.core.ApplicationDispatcher.invoke La servlet FrontControllerServlet est actuellement indisponible
11-Sep-2017 12:54:12.752 INFO [localhost-startStop-2] org.apache.catalina.core.ApplicationContext.log SessionListener: contextDestroyed()
11-Sep-2017 12:54:12.752 INFO [localhost-startStop-2] org.apache.catalina.core.ApplicationContext.log ContextListener: contextDestroyed()
